<?xml version="1.0" encoding="UTF-8"?>
<testng-results skipped="0" failed="0" ignored="0" total="1" passed="1">
  <reporter-output>
  </reporter-output>
  <suite name="Default suite" duration-ms="120443" started-at="2020-07-07T07:11:55 BST" finished-at="2020-07-07T07:13:55 BST">
    <groups>
    </groups>
    <test name="Default test" duration-ms="120443" started-at="2020-07-07T07:11:55 BST" finished-at="2020-07-07T07:13:55 BST">
      <class name="VehicleTest">
        <test-method status="PASS" signature="VerifyVehicleDetails()[pri:0, instance:VehicleTest@2781e022]" name="VerifyVehicleDetails" duration-ms="120368" started-at="2020-07-07T07:11:55 BST" finished-at="2020-07-07T07:13:55 BST">
          <reporter-output>
          </reporter-output>
        </test-method> <!-- VerifyVehicleDetails -->
      </class> <!-- VehicleTest -->
    </test> <!-- Default test -->
  </suite> <!-- Default suite -->
</testng-results>
